2018-07-26 15:40:18,084 - root - INFO - ############################### START ###############################
2018-07-26 15:40:18,100 - root - INFO - 正在启动Chrome浏览器
2018-07-26 15:40:31,783 - root - INFO - SUCCESS    Navigated to http://zhinengdayi.com/hbut, Spend 3.549478530883789 seconds
2018-07-26 15:40:32,069 - root - INFO - SUCCESS    Move to element: <id->mobile-qrcode>, Spend 0.2852206230163574 seconds
2018-07-26 15:40:32,120 - root - INFO - SUCCESS    Get attribute element: <id->qrcode>,attribute: style, Spend 0.0500333309173584 seconds
2018-07-26 15:40:32,121 - root - ERROR - None
2018-07-26 15:40:32,122 - root - INFO - 二维码显示正常
2018-07-26 15:40:34,539 - root - INFO - ###############################  End  ###############################
2018-07-26 15:40:49,211 - root - INFO - ############################### START ###############################
2018-07-26 15:40:49,212 - root - INFO - 正在启动Chrome浏览器
2018-07-26 15:40:53,981 - root - INFO - SUCCESS    Navigated to http://zhinengdayi.com/hbut, Spend 2.42787766456604 seconds
2018-07-26 15:40:54,071 - root - INFO - SUCCESS    Move to element: <id->mobile-qrcode>, Spend 0.08806228637695312 seconds
2018-07-26 15:40:54,111 - root - INFO - SUCCESS    Get attribute element: <id->qrcode>,attribute: style, Spend 0.039026737213134766 seconds
2018-07-26 15:40:54,111 - root - ERROR - None
2018-07-26 15:40:54,112 - root - INFO - 二维码显示正常
2018-07-26 15:40:56,299 - root - INFO - ###############################  End  ###############################
2018-07-26 15:43:49,645 - root - INFO - ############################### START ###############################
2018-07-26 15:43:49,652 - root - INFO - 正在启动Chrome浏览器
2018-07-26 15:43:53,786 - root - INFO - SUCCESS    Navigated to http://zhinengdayi.com/hbut, Spend 2.2831075191497803 seconds
2018-07-26 15:43:54,556 - root - INFO - SUCCESS    Clicked element: <xpath->//a[@class='fast-login']>, Spend 0.7706124782562256 seconds
2018-07-26 15:43:59,592 - root - INFO - SUCCESS    Switch to the new window,new window's url: http://zhinengdayi.com/page/login/QXALHX, Spend 5.034849405288696 seconds
2018-07-26 15:43:59,600 - root - INFO - SUCCESS    Get current window title, Spend 0.0069904327392578125 seconds
2018-07-26 15:43:59,600 - root - ERROR - None
2018-07-26 15:43:59,601 - root - INFO - 登录跳转正常
2018-07-26 15:44:01,791 - root - INFO - ###############################  End  ###############################
2018-07-26 16:05:59,613 - root - INFO - ############################### START ###############################
2018-07-26 16:05:59,615 - root - INFO - 正在启动Chrome浏览器
2018-07-26 16:06:04,719 - root - INFO - SUCCESS    Navigated to http://zhinengdayi.com/hbut, Spend 2.08801007270813 seconds
2018-07-26 16:06:04,838 - root - INFO - SUCCESS    Clicked element: <xpath->//p[@class='search-box']>, Spend 0.11908388137817383 seconds
2018-07-26 16:06:04,974 - root - INFO - SUCCESS    Typed element: <id->search> content: 招生计划, Spend 0.1340951919555664 seconds
2018-07-26 16:06:10,202 - root - INFO - FAIL    Unable to click element: <xpath->//p[@class='search-box']>, Spend 5.227924823760986 seconds
2018-07-26 16:06:12,418 - root - INFO - ###############################  End  ###############################
2018-07-26 16:07:39,609 - root - INFO - ############################### START ###############################
2018-07-26 16:07:39,611 - root - INFO - 正在启动Chrome浏览器
2018-07-26 16:07:44,519 - root - INFO - SUCCESS    Navigated to http://zhinengdayi.com/hbut, Spend 3.51234769821167 seconds
2018-07-26 16:07:44,638 - root - INFO - SUCCESS    Clicked element: <xpath->//p[@class='search-box']>, Spend 0.11808156967163086 seconds
2018-07-26 16:07:44,754 - root - INFO - SUCCESS    Typed element: <id->search> content: 招生计划, Spend 0.1150810718536377 seconds
2018-07-26 16:07:44,868 - root - INFO - SUCCESS    Clicked element: <xpath->//div[@class='search-box']>, Spend 0.11408162117004395 seconds
2018-07-26 16:07:45,956 - root - INFO - SUCCESS    Get element text element: <xpath->//div[@class='themeMenuHead']>, Spend 1.0879542827606201 seconds
2018-07-26 16:07:45,957 - root - ERROR - 搜索页跳转异常:'常见问题' == '常见问题'
2018-07-26 16:07:48,218 - root - INFO - ###############################  End  ###############################
2018-07-26 16:09:49,488 - root - INFO - ############################### START ###############################
2018-07-26 16:09:49,489 - root - INFO - 正在启动Chrome浏览器
2018-07-26 16:09:53,614 - root - INFO - SUCCESS    Navigated to http://zhinengdayi.com/hbut, Spend 2.7567684650421143 seconds
2018-07-26 16:09:53,615 - root - INFO - FAIL    Unable to click element: <>, Spend 0.0 seconds
2018-07-26 16:09:55,829 - root - INFO - ###############################  End  ###############################
2018-07-26 16:11:11,384 - root - INFO - ############################### START ###############################
2018-07-26 16:11:11,385 - root - INFO - 正在启动Chrome浏览器
2018-07-26 16:11:14,976 - root - INFO - SUCCESS    Navigated to http://zhinengdayi.com/hbut, Spend 2.2630391120910645 seconds
2018-07-26 16:11:15,115 - root - INFO - SUCCESS    Clicked element: <xpath->//li[@id='m01']/a>, Spend 0.13709330558776855 seconds
2018-07-26 16:11:15,658 - root - INFO - SUCCESS    Switch to the new window,new window's url: http://admin.zhinengdayi.com/manage/index, Spend 0.5423476696014404 seconds
2018-07-26 16:11:15,663 - root - INFO - SUCCESS    Get current window title, Spend 0.005004405975341797 seconds
2018-07-26 16:11:15,664 - root - ERROR - None
2018-07-26 16:11:15,664 - root - INFO - 自定义项跳转正常
2018-07-26 16:11:17,859 - root - INFO - ###############################  End  ###############################
2018-07-26 16:15:23,650 - root - INFO - ############################### START ###############################
2018-07-26 16:15:23,652 - root - INFO - 正在启动Chrome浏览器
2018-07-26 16:15:27,289 - root - INFO - SUCCESS    Navigated to http://zhinengdayi.com/hbut, Spend 2.265395402908325 seconds
2018-07-26 16:15:27,445 - root - INFO - SUCCESS    Clicked element: <xpath->//ul[@id='headerNav']/li[2]>, Spend 0.15510964393615723 seconds
2018-07-26 16:15:27,526 - root - INFO - SUCCESS    Get element text element: <xpath->//ul[@id='headerNav']/li[2]/a>, Spend 0.08105731010437012 seconds
2018-07-26 16:15:27,839 - root - INFO - SUCCESS    Switch to the new window,new window's url: http://zhinengdayi.com/page/list/QXALHX/1003, Spend 0.3110837936401367 seconds
2018-07-26 16:15:27,936 - root - INFO - SUCCESS    Get element text element: <xpath->//ul[@class='article-list']/li[1]>, Spend 0.09607267379760742 seconds
2018-07-26 16:15:27,937 - root - ERROR - None
2018-07-26 16:15:27,938 - root - INFO - 导航栏跳转显示正常
2018-07-26 16:15:30,167 - root - INFO - ###############################  End  ###############################
2018-07-26 16:17:53,204 - root - INFO - ############################### START ###############################
2018-07-26 16:17:53,206 - root - INFO - 正在启动Chrome浏览器
2018-07-26 16:17:57,069 - root - INFO - SUCCESS    Navigated to http://zhinengdayi.com/hbut, Spend 2.3797855377197266 seconds
2018-07-26 16:18:01,223 - root - INFO - ###############################  End  ###############################
2018-07-26 16:18:34,532 - root - INFO - ############################### START ###############################
2018-07-26 16:18:34,533 - root - INFO - 正在启动Chrome浏览器
2018-07-26 16:18:38,520 - root - INFO - SUCCESS    Navigated to http://zhinengdayi.com/hbut, Spend 2.6516311168670654 seconds
2018-07-26 16:18:38,620 - root - INFO - SUCCESS    Move to element: <xpath->//ul[@id='headerNav']/li[2]>, Spend 0.09906911849975586 seconds
2018-07-26 16:18:40,785 - root - INFO - ###############################  End  ###############################
2018-07-26 16:26:17,795 - root - INFO - ############################### START ###############################
2018-07-26 16:26:17,796 - root - INFO - 正在启动Chrome浏览器
2018-07-26 16:26:22,046 - root - INFO - SUCCESS    Navigated to http://zhinengdayi.com/hbut, Spend 2.78995943069458 seconds
2018-07-26 16:26:22,130 - root - INFO - SUCCESS    Move to element: <xpath->//ul[@id='headerNav']/li[2]>, Spend 0.0840609073638916 seconds
2018-07-26 16:26:22,275 - root - INFO - SUCCESS    Clicked element: <xpath->//ul[@id='headerNav']/li[2]//li[1]>, Spend 0.14310431480407715 seconds
2018-07-26 16:26:28,080 - root - ERROR - FAIL    Unable to get element text element: <xpath->//ul[@id='headerNav']/li[2]//li[1]/a>, Spend 5.804070949554443 seconds
2018-07-26 16:26:30,276 - root - INFO - ###############################  End  ###############################
2018-07-26 16:29:18,218 - root - INFO - ############################### START ###############################
2018-07-26 16:29:18,219 - root - INFO - 正在启动Chrome浏览器
2018-07-26 16:29:23,534 - root - INFO - SUCCESS    Navigated to http://zhinengdayi.com/hbut, Spend 2.0696163177490234 seconds
2018-07-26 16:29:23,627 - root - INFO - SUCCESS    Move to element: <xpath->//ul[@id='headerNav']/li[2]>, Spend 0.09206557273864746 seconds
2018-07-26 16:29:23,769 - root - INFO - SUCCESS    Clicked element: <xpath->//ul[@id='headerNav']/li[2]//li[1]>, Spend 0.14110040664672852 seconds
2018-07-26 16:29:28,935 - root - ERROR - FAIL    Unable to get element text element: <xpath->//ul[@id='headerNav']/li[2]//li[1]/a/span>, Spend 5.164868116378784 seconds
2018-07-26 16:29:31,159 - root - INFO - ###############################  End  ###############################
2018-07-26 16:30:04,547 - root - INFO - ############################### START ###############################
2018-07-26 16:30:04,548 - root - INFO - 正在启动Chrome浏览器
2018-07-26 16:30:09,485 - root - INFO - SUCCESS    Navigated to http://zhinengdayi.com/hbut, Spend 2.1166610717773438 seconds
2018-07-26 16:30:09,652 - root - INFO - SUCCESS    Clicked element: <xpath->//ul[@id='headerNav']/li[2]>, Spend 0.16713881492614746 seconds
2018-07-26 16:30:09,716 - root - INFO - SUCCESS    Get element text element: <xpath->//ul[@id='headerNav']/li[2]/a>, Spend 0.06204390525817871 seconds
2018-07-26 16:30:10,455 - root - INFO - SUCCESS    Switch to the new window,new window's url: http://zhinengdayi.com/page/list/QXALHX/1003, Spend 0.7376902103424072 seconds
2018-07-26 16:30:10,519 - root - INFO - SUCCESS    Get element text element: <xpath->//ul[@class='article-list']/li[2]>, Spend 0.06404566764831543 seconds
2018-07-26 16:30:10,520 - root - ERROR - 导航栏跳转显示异常:'院系专业' != '学校概况'
- 院系专业
+ 学校概况

2018-07-26 16:30:12,706 - root - INFO - ###############################  End  ###############################
2018-07-26 16:32:16,750 - root - INFO - ############################### START ###############################
2018-07-26 16:32:16,751 - root - INFO - 正在启动Chrome浏览器
2018-07-26 16:32:21,636 - root - INFO - SUCCESS    Navigated to http://zhinengdayi.com/hbut, Spend 2.0701980590820312 seconds
2018-07-26 16:32:21,727 - root - INFO - SUCCESS    Move to element: <xpath->//ul[@id='headerNav']/li[2]>, Spend 0.08906340599060059 seconds
2018-07-26 16:32:21,788 - root - INFO - SUCCESS    Get element text element: <xpath->//ul[@id='headerNav']/li[2]//li[1]/a/span>, Spend 0.06104302406311035 seconds
2018-07-26 16:32:21,924 - root - INFO - SUCCESS    Clicked element: <xpath->//ul[@id='headerNav']/li[2]//li[1]>, Spend 0.13509702682495117 seconds
2018-07-26 16:32:24,112 - root - INFO - SUCCESS    Switch to the new window,new window's url: http://zhinengdayi.com/page/detail/QXALHX/2230/1003, Spend 2.1867618560791016 seconds
2018-07-26 16:32:24,167 - root - INFO - SUCCESS    Get element text element: <id->article-title>, Spend 0.055040597915649414 seconds
2018-07-26 16:32:24,168 - root - ERROR - None
2018-07-26 16:32:24,168 - root - INFO - 导航栏跳转显示正常
2018-07-26 16:32:26,800 - root - INFO - ###############################  End  ###############################
2018-07-26 16:32:30,874 - root - INFO - ############################### START ###############################
2018-07-26 16:32:30,875 - root - INFO - 正在启动Chrome浏览器
2018-07-26 16:32:35,675 - root - INFO - SUCCESS    Navigated to http://zhinengdayi.com/hbut, Spend 2.1227569580078125 seconds
2018-07-26 16:32:35,835 - root - INFO - SUCCESS    Clicked element: <xpath->//ul[@id='headerNav']/li[2]>, Spend 0.15811371803283691 seconds
2018-07-26 16:32:35,896 - root - INFO - SUCCESS    Get element text element: <xpath->//ul[@id='headerNav']/li[2]/a>, Spend 0.060040950775146484 seconds
2018-07-26 16:32:36,240 - root - INFO - SUCCESS    Switch to the new window,new window's url: http://zhinengdayi.com/page/list/QXALHX/1003, Spend 0.34441661834716797 seconds
2018-07-26 16:32:36,337 - root - INFO - SUCCESS    Get element text element: <xpath->//ul[@class='article-list']/li[2]>, Spend 0.09606742858886719 seconds
2018-07-26 16:32:36,337 - root - ERROR - 导航栏跳转显示异常:'院系专业' != '学校概况'
- 院系专业
+ 学校概况

2018-07-26 16:32:38,525 - root - INFO - ###############################  End  ###############################
2018-07-26 17:10:06,940 - root - INFO - ############################### START ###############################
2018-07-26 17:10:06,941 - root - INFO - 正在启动Chrome浏览器
2018-07-26 17:10:13,483 - root - INFO - SUCCESS    Navigated to http://zhinengdayi.com/hbut, Spend 3.2348809242248535 seconds
2018-07-26 17:10:13,735 - root - INFO - SUCCESS    Clicked element: <xpath->//ul[@id='headerNav']/li[2]>, Spend 0.25022196769714355 seconds
2018-07-26 17:10:13,804 - root - INFO - SUCCESS    Get element text element: <xpath->//ul[@id='headerNav']/li[2]/a>, Spend 0.06904935836791992 seconds
2018-07-26 17:10:14,343 - root - INFO - SUCCESS    Switch to the new window,new window's url: http://zhinengdayi.com/page/list/QXALHX/1003, Spend 0.5394463539123535 seconds
2018-07-26 17:10:14,516 - root - INFO - SUCCESS    Get element text element: <xpath->//ul[@class='article-list']/li[2]>, Spend 0.1721029281616211 seconds
2018-07-26 17:10:14,517 - root - ERROR - 导航栏跳转显示异常:'院系专业' != '学校概况'
- 院系专业
+ 学校概况

2018-07-26 17:10:16,724 - root - INFO - ###############################  End  ###############################
2018-07-26 17:10:36,490 - root - INFO - ############################### START ###############################
2018-07-26 17:10:36,491 - root - INFO - 正在启动Chrome浏览器
2018-07-26 17:10:41,847 - root - INFO - SUCCESS    Navigated to http://zhinengdayi.com/hbut, Spend 2.182844877243042 seconds
2018-07-26 17:10:42,014 - root - INFO - SUCCESS    Clicked element: <xpath->//ul[@id='headerNav']/li[2]>, Spend 0.16611838340759277 seconds
2018-07-26 17:10:42,080 - root - INFO - SUCCESS    Get element text element: <xpath->//ul[@id='headerNav']/li[2]/a>, Spend 0.06563854217529297 seconds
2018-07-26 17:10:42,553 - root - INFO - SUCCESS    Switch to the new window,new window's url: http://zhinengdayi.com/page/list/QXALHX/1003, Spend 0.47161197662353516 seconds
2018-07-26 17:10:42,650 - root - INFO - SUCCESS    Get element text element: <xpath->//ul[@class='article-list']/li[1]>, Spend 0.09706783294677734 seconds
2018-07-26 17:10:42,650 - root - ERROR - None
2018-07-26 17:10:42,651 - root - INFO - 导航栏跳转显示正常
2018-07-26 17:10:44,838 - root - INFO - ###############################  End  ###############################
2018-07-26 17:11:26,341 - root - INFO - ############################### START ###############################
2018-07-26 17:11:26,342 - root - INFO - 正在启动Chrome浏览器
2018-07-26 17:11:31,625 - root - INFO - SUCCESS    Navigated to http://zhinengdayi.com/hbut, Spend 2.3298144340515137 seconds
2018-07-26 17:11:31,709 - root - INFO - SUCCESS    Move to element: <xpath->//ul[@id='headerNav']/li[2]>, Spend 0.08205914497375488 seconds
2018-07-26 17:11:31,770 - root - INFO - SUCCESS    Get element text element: <xpath->//ul[@id='headerNav']/li[2]//li[1]/a/span>, Spend 0.06104111671447754 seconds
2018-07-26 17:11:31,934 - root - INFO - SUCCESS    Clicked element: <xpath->//ul[@id='headerNav']/li[2]//li[1]>, Spend 0.1631152629852295 seconds
2018-07-26 17:11:34,178 - root - INFO - SUCCESS    Switch to the new window,new window's url: http://zhinengdayi.com/page/detail/QXALHX/2230/1003, Spend 2.243278980255127 seconds
2018-07-26 17:11:34,273 - root - INFO - SUCCESS    Get element text element: <id->article-title>, Spend 0.09306526184082031 seconds
2018-07-26 17:11:34,273 - root - ERROR - None
2018-07-26 17:11:34,274 - root - INFO - 导航栏跳转显示正常
2018-07-26 17:11:36,497 - root - INFO - ###############################  End  ###############################
2018-07-26 17:15:59,277 - root - INFO - ############################### START ###############################
2018-07-26 17:15:59,279 - root - INFO - 正在启动Chrome浏览器
2018-07-26 17:16:04,937 - root - INFO - SUCCESS    Navigated to http://zhinengdayi.com/hbut, Spend 2.294917345046997 seconds
2018-07-26 17:16:05,103 - root - INFO - SUCCESS    Clicked element: <xpath->//div[@id='admission-notice']//a[@class='toMore']>, Spend 0.16411876678466797 seconds
2018-07-26 17:16:05,740 - root - INFO - SUCCESS    Switch to the new window,new window's url: http://zhinengdayi.com/page/list/QXALHX/4467?curPage=1&pageSize=10, Spend 0.6370759010314941 seconds
2018-07-26 17:16:05,815 - root - INFO - SUCCESS    Get element text element: <xpath->//div[@class='themeMenuHead']>, Spend 0.07305145263671875 seconds
2018-07-26 17:16:05,815 - root - ERROR - None
2018-07-26 17:16:05,816 - root - INFO - 快讯跳转显示正常
2018-07-26 17:16:08,039 - root - INFO - ###############################  End  ###############################
2018-07-26 17:18:31,438 - root - INFO - ############################### START ###############################
2018-07-26 17:18:31,439 - root - INFO - 正在启动Chrome浏览器
2018-07-26 17:18:36,458 - root - INFO - SUCCESS    Navigated to http://zhinengdayi.com/hbut, Spend 1.7203938961029053 seconds
2018-07-26 17:18:36,536 - root - INFO - SUCCESS    Get element text element: <xpath->//div[@class='rt news-list']/h3/a>, Spend 0.0770566463470459 seconds
2018-07-26 17:18:36,673 - root - INFO - SUCCESS    Clicked element: <xpath->//div[@class='rt news-list']/h3/a>, Spend 0.13509559631347656 seconds
2018-07-26 17:18:38,671 - root - INFO - SUCCESS    Switch to the new window,new window's url: http://zhinengdayi.com/page/detail/QXALHX/26600/4467, Spend 1.9969615936279297 seconds
2018-07-26 17:18:38,735 - root - INFO - SUCCESS    Get element text element: <id->article-title>, Spend 0.06404566764831543 seconds
2018-07-26 17:18:38,736 - root - ERROR - 快讯跳转显示异常:'关于公布2018年录取通知书快递查询单号的通知' != ''
- 关于公布2018年录取通知书快递查询单号的通知
+ 

2018-07-26 17:18:40,959 - root - INFO - ###############################  End  ###############################
2018-07-26 17:19:57,934 - root - INFO - ############################### START ###############################
2018-07-26 17:19:57,936 - root - INFO - 正在启动Chrome浏览器
2018-07-26 17:20:03,006 - root - INFO - SUCCESS    Navigated to http://zhinengdayi.com/hbut, Spend 2.032406806945801 seconds
2018-07-26 17:20:03,093 - root - INFO - SUCCESS    Get element text element: <xpath->//div[@class='rt news-list']/h3/a>, Spend 0.08606171607971191 seconds
2018-07-26 17:20:03,296 - root - INFO - SUCCESS    Clicked element: <xpath->//ul[@class='news-list']/li[1]/a>, Spend 0.20165348052978516 seconds
2018-07-26 17:20:05,814 - root - INFO - SUCCESS    Switch to the new window,new window's url: http://zhinengdayi.com/page/detail/QXALHX/26397/4467, Spend 2.5164895057678223 seconds
2018-07-26 17:20:05,907 - root - INFO - SUCCESS    Get element text element: <id->article-title>, Spend 0.0930638313293457 seconds
2018-07-26 17:20:05,908 - root - ERROR - 快讯跳转显示异常:'关于公布2018年录取通知书快递查询单号的通知' != ''
- 关于公布2018年录取通知书快递查询单号的通知
+ 

2018-07-26 17:20:08,144 - root - INFO - ###############################  End  ###############################
